2026-03-04 15:00:15,878 -INFO -order_id jbvgvyh
2026-03-04 15:05:17,631 -INFO -order_id jbvgvegjsgjseejgjsengjsen gawt9i43eti9034iw3
2026-03-04 15:05:21,011 -INFO -order_id jbvgvegjsgjseejgjsengjsen gawt9i43eti9034iw3
2026-03-04 15:06:23,495 - INFO - Received order_id: jbvgvegjsgjseejgjsengjsen gawt9i43eti9034iw3
2026-03-04 15:21:57,913 - INFO - Received order_id: AT80ZU
2026-03-04 15:22:13,060 - INFO - Received order_id: AT80ZU
2026-03-04 17:24:47,573 - INFO - Recieved Order_id
2026-03-04 17:24:47,591 - ERROR - invalid order_id
2026-03-04 17:25:11,190 - INFO - Recieved Order_id
2026-03-04 17:25:11,191 - ERROR - invalid order_id
2026-03-04 17:25:16,934 - INFO - Recieved Order_id
2026-03-04 17:25:16,939 - INFO - valid order_id
2026-03-10 15:36:09,060 - INFO - Received order_id: AT80ZU
2026-03-10 15:36:09,083 - ERROR - 'dict' object has no attribute 'name'
2026-03-10 15:36:27,202 - INFO - Received order_id: AT80ZU
2026-03-10 15:37:11,905 - INFO - Received order_id: AT80ZU
2026-03-10 15:39:06,813 - INFO - Received order_id: AT80ZU
2026-03-10 16:32:41,586 - INFO - inserted id69affa514bae4584e10dc3f5
2026-03-10 16:34:31,398 - INFO - inserted id69affabf8cceac4109be605c
2026-03-10 16:36:05,033 - INFO - inserted id69affb1d0383b1bf3753f4b9
2026-03-10 16:37:17,057 - INFO - inserted id69affb6577433513a1ffecf3
2026-03-10 16:41:40,536 - INFO - inserted id69affc6c5dbf4612958cfe28
2026-03-10 17:31:14,477 - INFO - Received order_id: ORD-de61
2026-03-10 21:45:24,526 - INFO - inserted id69b0439cbf1faa4a57b25441
2026-03-10 21:49:50,134 - INFO - inserted id69b044a697e7ca58ef112a2d
